{"C:\\Users\\USER\\Documents\\Documentos\\ProyectoPersonal\\Subastas\\server\\database.js": {"path":"C:\\Users\\USER\\Documents\\Documentos\\ProyectoPersonal\\Subastas\\server\\database.js","statementMap":{"0":{"start":{"line":1,"column":17},"end":{"line":1,"column":36}},"1":{"start":{"line":2,"column":15},"end":{"line":2,"column":34}},"2":{"start":{"line":4,"column":17},"end":{"line":4,"column":30}},"3":{"start":{"line":5,"column":18},"end":{"line":5,"column":43}},"4":{"start":{"line":7,"column":20},"end":{"line":18,"column":1}},"5":{"start":{"line":8,"column":2},"end":{"line":17,"column":3}},"6":{"start":{"line":9,"column":23},"end":{"line":9,"column":60}},"7":{"start":{"line":10,"column":4},"end":{"line":13,"column":6}},"8":{"start":{"line":14,"column":4},"end":{"line":14,"column":22}},"9":{"start":{"line":16,"column":4},"end":{"line":16,"column":61}},"10":{"start":{"line":20,"column":0},"end":{"line":20,"column":29}}},"fnMap":{"0":{"name":"(anonymous_0)","decl":{"start":{"line":7,"column":20},"end":{"line":7,"column":21}},"loc":{"start":{"line":7,"column":32},"end":{"line":18,"column":1}},"line":7}},"branchMap":{},"s":{"0":1,"1":1,"2":1,"3":1,"4":1,"5":1,"6":1,"7":1,"8":1,"9":0,"10":1},"f":{"0":1},"b":{},"_coverageSchema":"1a1c01bbd47fc00a2c39e90264f33305004495a9","hash":"53198d215bdc954619fb786651c59be2ccd72eeb"}
,"C:\\Users\\USER\\Documents\\Documentos\\ProyectoPersonal\\Subastas\\server\\config\\index.js": {"path":"C:\\Users\\USER\\Documents\\Documentos\\ProyectoPersonal\\Subastas\\server\\config\\index.js","statementMap":{"0":{"start":{"line":1,"column":0},"end":{"line":1,"column":27}},"1":{"start":{"line":3,"column":15},"end":{"line":22,"column":1}},"2":{"start":{"line":24,"column":0},"end":{"line":24,"column":24}}},"fnMap":{},"branchMap":{},"s":{"0":1,"1":1,"2":1},"f":{},"b":{},"_coverageSchema":"1a1c01bbd47fc00a2c39e90264f33305004495a9","hash":"e351d647132fffc0fd11ce0987ba8c1321856621"}
,"C:\\Users\\USER\\Documents\\Documentos\\ProyectoPersonal\\Subastas\\server\\src\\app.js": {"path":"C:\\Users\\USER\\Documents\\Documentos\\ProyectoPersonal\\Subastas\\server\\src\\app.js","statementMap":{"0":{"start":{"line":1,"column":0},"end":{"line":1,"column":18}},"1":{"start":{"line":2,"column":16},"end":{"line":2,"column":34}},"2":{"start":{"line":3,"column":13},"end":{"line":3,"column":28}},"3":{"start":{"line":4,"column":19},"end":{"line":4,"column":43}},"4":{"start":{"line":5,"column":21},"end":{"line":5,"column":58}},"5":{"start":{"line":7,"column":12},"end":{"line":7,"column":21}},"6":{"start":{"line":8,"column":0},"end":{"line":8,"column":24}},"7":{"start":{"line":9,"column":0},"end":{"line":9,"column":16}},"8":{"start":{"line":11,"column":0},"end":{"line":11,"column":33}},"9":{"start":{"line":13,"column":0},"end":{"line":15,"column":3}},"10":{"start":{"line":14,"column":2},"end":{"line":14,"column":24}},"11":{"start":{"line":17,"column":0},"end":{"line":17,"column":22}},"12":{"start":{"line":19,"column":0},"end":{"line":19,"column":21}}},"fnMap":{"0":{"name":"(anonymous_0)","decl":{"start":{"line":13,"column":8},"end":{"line":13,"column":9}},"loc":{"start":{"line":13,"column":22},"end":{"line":15,"column":1}},"line":13}},"branchMap":{},"s":{"0":1,"1":1,"2":1,"3":1,"4":1,"5":1,"6":1,"7":1,"8":1,"9":1,"10":1,"11":1,"12":1},"f":{"0":1},"b":{},"_coverageSchema":"1a1c01bbd47fc00a2c39e90264f33305004495a9","hash":"dc3cb11c159d2931371ca67488d09c45cf18ab18"}
,"C:\\Users\\USER\\Documents\\Documentos\\ProyectoPersonal\\Subastas\\server\\src\\middlewares\\handleErrors.js": {"path":"C:\\Users\\USER\\Documents\\Documentos\\ProyectoPersonal\\Subastas\\server\\src\\middlewares\\handleErrors.js","statementMap":{"0":{"start":{"line":1,"column":15},"end":{"line":4,"column":1}},"1":{"start":{"line":6,"column":20},"end":{"line":10,"column":1}},"2":{"start":{"line":7,"column":2},"end":{"line":9,"column":3}},"3":{"start":{"line":8,"column":4},"end":{"line":8,"column":49}},"4":{"start":{"line":12,"column":0},"end":{"line":12,"column":29}}},"fnMap":{"0":{"name":"(anonymous_0)","decl":{"start":{"line":6,"column":20},"end":{"line":6,"column":21}},"loc":{"start":{"line":6,"column":47},"end":{"line":10,"column":1}},"line":6}},"branchMap":{"0":{"loc":{"start":{"line":7,"column":2},"end":{"line":9,"column":3}},"type":"if","locations":[{"start":{"line":7,"column":2},"end":{"line":9,"column":3}},{"start":{},"end":{}}],"line":7}},"s":{"0":1,"1":1,"2":3,"3":3,"4":1},"f":{"0":3},"b":{"0":[3,0]},"_coverageSchema":"1a1c01bbd47fc00a2c39e90264f33305004495a9","hash":"bbd4ad79aba447bbcc577e3a5beceadc1d0eb7ea"}
,"C:\\Users\\USER\\Documents\\Documentos\\ProyectoPersonal\\Subastas\\server\\src\\models\\User.model.js": {"path":"C:\\Users\\USER\\Documents\\Documentos\\ProyectoPersonal\\Subastas\\server\\src\\models\\User.model.js","statementMap":{"0":{"start":{"line":1,"column":17},"end":{"line":1,"column":36}},"1":{"start":{"line":2,"column":17},"end":{"line":2,"column":34}},"2":{"start":{"line":3,"column":24},"end":{"line":3,"column":60}},"3":{"start":{"line":5,"column":26},"end":{"line":5,"column":34}},"4":{"start":{"line":7,"column":19},"end":{"line":19,"column":2}},"5":{"start":{"line":21,"column":0},"end":{"line":26,"column":3}},"6":{"start":{"line":22,"column":2},"end":{"line":24,"column":3}},"7":{"start":{"line":23,"column":4},"end":{"line":23,"column":50}},"8":{"start":{"line":25,"column":2},"end":{"line":25,"column":9}},"9":{"start":{"line":28,"column":0},"end":{"line":28,"column":76}},"10":{"start":{"line":30,"column":0},"end":{"line":30,"column":43}}},"fnMap":{"0":{"name":"save","decl":{"start":{"line":21,"column":38},"end":{"line":21,"column":42}},"loc":{"start":{"line":21,"column":49},"end":{"line":26,"column":1}},"line":21}},"branchMap":{"0":{"loc":{"start":{"line":22,"column":2},"end":{"line":24,"column":3}},"type":"if","locations":[{"start":{"line":22,"column":2},"end":{"line":24,"column":3}},{"start":{},"end":{}}],"line":22},"1":{"loc":{"start":{"line":22,"column":6},"end":{"line":22,"column":47}},"type":"binary-expr","locations":[{"start":{"line":22,"column":6},"end":{"line":22,"column":16}},{"start":{"line":22,"column":20},"end":{"line":22,"column":47}}],"line":22}},"s":{"0":1,"1":1,"2":1,"3":1,"4":1,"5":1,"6":8,"7":8,"8":8,"9":1,"10":1},"f":{"0":8},"b":{"0":[8,0],"1":[8,0]},"_coverageSchema":"1a1c01bbd47fc00a2c39e90264f33305004495a9","hash":"3f6a14b5eb8b7494d2da206a5f0962f63b907599"}
,"C:\\Users\\USER\\Documents\\Documentos\\ProyectoPersonal\\Subastas\\server\\src\\user\\routes.js": {"path":"C:\\Users\\USER\\Documents\\Documentos\\ProyectoPersonal\\Subastas\\server\\src\\user\\routes.js","statementMap":{"0":{"start":{"line":1,"column":19},"end":{"line":1,"column":46}},"1":{"start":{"line":2,"column":19},"end":{"line":2,"column":43}},"2":{"start":{"line":4,"column":0},"end":{"line":4,"column":50}},"3":{"start":{"line":5,"column":0},"end":{"line":5,"column":50}},"4":{"start":{"line":6,"column":0},"end":{"line":6,"column":51}},"5":{"start":{"line":8,"column":0},"end":{"line":8,"column":28}}},"fnMap":{},"branchMap":{},"s":{"0":1,"1":1,"2":1,"3":1,"4":1,"5":1},"f":{},"b":{},"_coverageSchema":"1a1c01bbd47fc00a2c39e90264f33305004495a9","hash":"e647c58f17c174a0302704830b738a53e02f5e76"}
,"C:\\Users\\USER\\Documents\\Documentos\\ProyectoPersonal\\Subastas\\server\\src\\user\\controllers\\index.js": {"path":"C:\\Users\\USER\\Documents\\Documentos\\ProyectoPersonal\\Subastas\\server\\src\\user\\controllers\\index.js","statementMap":{"0":{"start":{"line":1,"column":19},"end":{"line":1,"column":53}},"1":{"start":{"line":2,"column":19},"end":{"line":2,"column":53}},"2":{"start":{"line":3,"column":19},"end":{"line":3,"column":53}},"3":{"start":{"line":5,"column":0},"end":{"line":5,"column":56}}},"fnMap":{},"branchMap":{},"s":{"0":1,"1":1,"2":1,"3":1},"f":{},"b":{},"_coverageSchema":"1a1c01bbd47fc00a2c39e90264f33305004495a9","hash":"4a7c98c2e8092882c4fb2ba5529dde7ad222c193"}
,"C:\\Users\\USER\\Documents\\Documentos\\ProyectoPersonal\\Subastas\\server\\src\\user\\controllers\\postCreate.controller.js": {"path":"C:\\Users\\USER\\Documents\\Documentos\\ProyectoPersonal\\Subastas\\server\\src\\user\\controllers\\postCreate.controller.js","statementMap":{"0":{"start":{"line":1,"column":23},"end":{"line":1,"column":45}},"1":{"start":{"line":3,"column":19},"end":{"line":11,"column":1}},"2":{"start":{"line":4,"column":15},"end":{"line":4,"column":23}},"3":{"start":{"line":5,"column":2},"end":{"line":10,"column":3}},"4":{"start":{"line":6,"column":17},"end":{"line":6,"column":39}},"5":{"start":{"line":7,"column":4},"end":{"line":7,"column":60}},"6":{"start":{"line":9,"column":4},"end":{"line":9,"column":20}},"7":{"start":{"line":13,"column":0},"end":{"line":13,"column":28}}},"fnMap":{"0":{"name":"(anonymous_0)","decl":{"start":{"line":3,"column":19},"end":{"line":3,"column":20}},"loc":{"start":{"line":3,"column":45},"end":{"line":11,"column":1}},"line":3}},"branchMap":{},"s":{"0":1,"1":1,"2":9,"3":9,"4":9,"5":8,"6":1,"7":1},"f":{"0":9},"b":{},"_coverageSchema":"1a1c01bbd47fc00a2c39e90264f33305004495a9","hash":"14e928f83d2a813b5f54f178439c3c25d5353886"}
,"C:\\Users\\USER\\Documents\\Documentos\\ProyectoPersonal\\Subastas\\server\\src\\user\\controllers\\postSignIn.controller.js": {"path":"C:\\Users\\USER\\Documents\\Documentos\\ProyectoPersonal\\Subastas\\server\\src\\user\\controllers\\postSignIn.controller.js","statementMap":{"0":{"start":{"line":1,"column":23},"end":{"line":1,"column":45}},"1":{"start":{"line":3,"column":19},"end":{"line":11,"column":1}},"2":{"start":{"line":4,"column":15},"end":{"line":4,"column":23}},"3":{"start":{"line":5,"column":2},"end":{"line":10,"column":3}},"4":{"start":{"line":6,"column":18},"end":{"line":6,"column":40}},"5":{"start":{"line":7,"column":4},"end":{"line":7,"column":42}},"6":{"start":{"line":9,"column":4},"end":{"line":9,"column":20}},"7":{"start":{"line":13,"column":0},"end":{"line":13,"column":28}}},"fnMap":{"0":{"name":"(anonymous_0)","decl":{"start":{"line":3,"column":19},"end":{"line":3,"column":20}},"loc":{"start":{"line":3,"column":45},"end":{"line":11,"column":1}},"line":3}},"branchMap":{},"s":{"0":1,"1":1,"2":4,"3":4,"4":4,"5":2,"6":2,"7":1},"f":{"0":4},"b":{},"_coverageSchema":"1a1c01bbd47fc00a2c39e90264f33305004495a9","hash":"f2246347e97b69a9975a169db2db924f55f7e274"}
,"C:\\Users\\USER\\Documents\\Documentos\\ProyectoPersonal\\Subastas\\server\\src\\user\\controllers\\postUpdate.controller.js": {"path":"C:\\Users\\USER\\Documents\\Documentos\\ProyectoPersonal\\Subastas\\server\\src\\user\\controllers\\postUpdate.controller.js","statementMap":{"0":{"start":{"line":1,"column":19},"end":{"line":9,"column":1}},"1":{"start":{"line":3,"column":2},"end":{"line":8,"column":3}},"2":{"start":{"line":4,"column":4},"end":{"line":4,"column":46}},"3":{"start":{"line":5,"column":4},"end":{"line":5,"column":55}},"4":{"start":{"line":7,"column":4},"end":{"line":7,"column":20}},"5":{"start":{"line":11,"column":0},"end":{"line":11,"column":28}}},"fnMap":{"0":{"name":"(anonymous_0)","decl":{"start":{"line":1,"column":19},"end":{"line":1,"column":20}},"loc":{"start":{"line":1,"column":39},"end":{"line":9,"column":1}},"line":1}},"branchMap":{},"s":{"0":1,"1":1,"2":1,"3":1,"4":0,"5":1},"f":{"0":1},"b":{},"_coverageSchema":"1a1c01bbd47fc00a2c39e90264f33305004495a9","hash":"9fcb0fbc34cc8247b643a067ca2395a1e3b88784"}
,"C:\\Users\\USER\\Documents\\Documentos\\ProyectoPersonal\\Subastas\\server\\src\\user\\services\\createUser.service.js": {"path":"C:\\Users\\USER\\Documents\\Documentos\\ProyectoPersonal\\Subastas\\server\\src\\user\\services\\createUser.service.js","statementMap":{"0":{"start":{"line":1,"column":13},"end":{"line":1,"column":47}},"1":{"start":{"line":3,"column":19},"end":{"line":10,"column":1}},"2":{"start":{"line":4,"column":2},"end":{"line":9,"column":3}},"3":{"start":{"line":5,"column":17},"end":{"line":5,"column":40}},"4":{"start":{"line":6,"column":4},"end":{"line":6,"column":16}},"5":{"start":{"line":8,"column":4},"end":{"line":8,"column":23}},"6":{"start":{"line":12,"column":0},"end":{"line":12,"column":28}}},"fnMap":{"0":{"name":"(anonymous_0)","decl":{"start":{"line":3,"column":19},"end":{"line":3,"column":20}},"loc":{"start":{"line":3,"column":35},"end":{"line":10,"column":1}},"line":3}},"branchMap":{},"s":{"0":1,"1":1,"2":9,"3":9,"4":8,"5":1,"6":1},"f":{"0":9},"b":{},"_coverageSchema":"1a1c01bbd47fc00a2c39e90264f33305004495a9","hash":"ff5ff6c38dc5630992a661d1cf6e2bbedc4535a4"}
,"C:\\Users\\USER\\Documents\\Documentos\\ProyectoPersonal\\Subastas\\server\\src\\user\\services\\index.js": {"path":"C:\\Users\\USER\\Documents\\Documentos\\ProyectoPersonal\\Subastas\\server\\src\\user\\services\\index.js","statementMap":{"0":{"start":{"line":1,"column":19},"end":{"line":1,"column":50}},"1":{"start":{"line":2,"column":19},"end":{"line":2,"column":50}},"2":{"start":{"line":4,"column":0},"end":{"line":4,"column":44}}},"fnMap":{},"branchMap":{},"s":{"0":1,"1":1,"2":1},"f":{},"b":{},"_coverageSchema":"1a1c01bbd47fc00a2c39e90264f33305004495a9","hash":"1ffe2230f4f8eed9c1a6f3ccf3ccb61234f0f800"}
,"C:\\Users\\USER\\Documents\\Documentos\\ProyectoPersonal\\Subastas\\server\\src\\user\\services\\signInUser.service.js": {"path":"C:\\Users\\USER\\Documents\\Documentos\\ProyectoPersonal\\Subastas\\server\\src\\user\\services\\signInUser.service.js","statementMap":{"0":{"start":{"line":1,"column":20},"end":{"line":1,"column":37}},"1":{"start":{"line":2,"column":12},"end":{"line":2,"column":35}},"2":{"start":{"line":3,"column":13},"end":{"line":3,"column":47}},"3":{"start":{"line":4,"column":19},"end":{"line":4,"column":51}},"4":{"start":{"line":6,"column":25},"end":{"line":9,"column":1}},"5":{"start":{"line":7,"column":19},"end":{"line":7,"column":62}},"6":{"start":{"line":8,"column":2},"end":{"line":8,"column":18}},"7":{"start":{"line":11,"column":19},"end":{"line":27,"column":1}},"8":{"start":{"line":12,"column":2},"end":{"line":26,"column":3}},"9":{"start":{"line":13,"column":17},"end":{"line":13,"column":68}},"10":{"start":{"line":14,"column":4},"end":{"line":23,"column":5}},"11":{"start":{"line":15,"column":23},"end":{"line":15,"column":70}},"12":{"start":{"line":16,"column":6},"end":{"line":19,"column":7}},"13":{"start":{"line":17,"column":22},"end":{"line":17,"column":56}},"14":{"start":{"line":18,"column":8},"end":{"line":18,"column":21}},"15":{"start":{"line":20,"column":6},"end":{"line":20,"column":40}},"16":{"start":{"line":22,"column":6},"end":{"line":22,"column":40}},"17":{"start":{"line":25,"column":4},"end":{"line":25,"column":23}},"18":{"start":{"line":29,"column":0},"end":{"line":29,"column":28}}},"fnMap":{"0":{"name":"(anonymous_0)","decl":{"start":{"line":6,"column":25},"end":{"line":6,"column":26}},"loc":{"start":{"line":6,"column":65},"end":{"line":9,"column":1}},"line":6},"1":{"name":"(anonymous_1)","decl":{"start":{"line":11,"column":19},"end":{"line":11,"column":20}},"loc":{"start":{"line":11,"column":50},"end":{"line":27,"column":1}},"line":11}},"branchMap":{"0":{"loc":{"start":{"line":14,"column":4},"end":{"line":23,"column":5}},"type":"if","locations":[{"start":{"line":14,"column":4},"end":{"line":23,"column":5}},{"start":{"line":21,"column":11},"end":{"line":23,"column":5}}],"line":14},"1":{"loc":{"start":{"line":16,"column":6},"end":{"line":19,"column":7}},"type":"if","locations":[{"start":{"line":16,"column":6},"end":{"line":19,"column":7}},{"start":{},"end":{}}],"line":16}},"s":{"0":1,"1":1,"2":1,"3":1,"4":1,"5":3,"6":3,"7":1,"8":4,"9":4,"10":4,"11":3,"12":3,"13":2,"14":2,"15":1,"16":1,"17":2,"18":1},"f":{"0":3,"1":4},"b":{"0":[3,1],"1":[2,1]},"_coverageSchema":"1a1c01bbd47fc00a2c39e90264f33305004495a9","hash":"60c570c97f1a30e74d46ffb9bec8a088816ef0a6"}
}
